The system is: Linux - 4.14.9-1-MANJARO - x86_64
Compiling the C compiler identification source file "CMakeCCompilerId.c" succeeded.
Compiler: /usr/bin/gcc 
Build flags: 
Id flags:  

The output was:
0


Compilation of the C compiler identification source "CMakeCCompilerId.c" produced "a.out"

The C compiler identification is GNU, found in "/home/edward/myogre/SinbadDemo2/bin/Release/CMakeFiles/3.10.1/CompilerIdC/a.out"

Compiling the CXX compiler identification source file "CMakeCXXCompilerId.cpp" succeeded.
Compiler: /usr/bin/g++ 
Build flags: 
Id flags:  

The output was:
0


Compilation of the CXX compiler identification source "CMakeCXXCompilerId.cpp" produced "a.out"

The CXX compiler identification is GNU, found in "/home/edward/myogre/SinbadDemo2/bin/Release/CMakeFiles/3.10.1/CompilerIdCXX/a.out"

Determining if the C compiler works passed with the following output:
Change Dir: /home/edward/myogre/SinbadDemo2/bin/Release/CMakeFiles/CMakeTmp

Run Build Command:"/usr/bin/make" "cmTC_60e6c/fast"
/usr/bin/make -f CMakeFiles/cmTC_60e6c.dir/build.make CMakeFiles/cmTC_60e6c.dir/build
make[1]: Entering directory '/home/edward/myogre/SinbadDemo2/bin/Release/CMakeFiles/CMakeTmp'
Building C object CMakeFiles/cmTC_60e6c.dir/testCCompiler.c.o
/usr/bin/gcc    -o CMakeFiles/cmTC_60e6c.dir/testCCompiler.c.o   -c /home/edward/myogre/SinbadDemo2/bin/Release/CMakeFiles/CMakeTmp/testCCompiler.c
Linking C executable cmTC_60e6c
/usr/bin/cmake -E cmake_link_script CMakeFiles/cmTC_60e6c.dir/link.txt --verbose=1
/usr/bin/gcc      -rdynamic CMakeFiles/cmTC_60e6c.dir/testCCompiler.c.o  -o cmTC_60e6c 
make[1]: Leaving directory '/home/edward/myogre/SinbadDemo2/bin/Release/CMakeFiles/CMakeTmp'


Detecting C compiler ABI info compiled with the following output:
Change Dir: /home/edward/myogre/SinbadDemo2/bin/Release/CMakeFiles/CMakeTmp

Run Build Command:"/usr/bin/make" "cmTC_dd9cf/fast"
/usr/bin/make -f CMakeFiles/cmTC_dd9cf.dir/build.make CMakeFiles/cmTC_dd9cf.dir/build
make[1]: Entering directory '/home/edward/myogre/SinbadDemo2/bin/Release/CMakeFiles/CMakeTmp'
Building C object CMakeFiles/cmTC_dd9cf.dir/CMakeCCompilerABI.c.o
/usr/bin/gcc    -o CMakeFiles/cmTC_dd9cf.dir/CMakeCCompilerABI.c.o   -c /usr/share/cmake-3.10/Modules/CMakeCCompilerABI.c
Linking C executable cmTC_dd9cf
/usr/bin/cmake -E cmake_link_script CMakeFiles/cmTC_dd9cf.dir/link.txt --verbose=1
/usr/bin/gcc     -v -rdynamic CMakeFiles/cmTC_dd9cf.dir/CMakeCCompilerABI.c.o  -o cmTC_dd9cf 
Using built-in specs.
COLLECT_GCC=/usr/bin/gcc
COLLECT_LTO_WRAPPER=/usr/lib/gcc/x86_64-pc-linux-gnu/7.2.1/lto-wrapper
Target: x86_64-pc-linux-gnu
Configured with: /build/gcc/src/gcc/configure --prefix=/usr --libdir=/usr/lib --libexecdir=/usr/lib --mandir=/usr/share/man --infodir=/usr/share/info --with-bugurl=https://bugs.archlinux.org/ --enable-languages=c,c++,ada,fortran,go,lto,objc,obj-c++ --enable-shared --enable-threads=posix --enable-libmpx --with-system-zlib --with-isl --enable-__cxa_atexit --disable-libunwind-exceptions --enable-clocale=gnu --disable-libstdcxx-pch --disable-libssp --enable-gnu-unique-object --enable-linker-build-id --enable-lto --enable-plugin --enable-install-libiberty --with-linker-hash-style=gnu --enable-gnu-indirect-function --enable-multilib --disable-werror --enable-checking=release --enable-default-pie --enable-default-ssp
Thread model: posix
gcc version 7.2.1 20171128 (GCC) 
COMPILER_PATH=/usr/lib/gcc/x86_64-pc-linux-gnu/7.2.1/:/usr/lib/gcc/x86_64-pc-linux-gnu/7.2.1/:/usr/lib/gcc/x86_64-pc-linux-gnu/:/usr/lib/gcc/x86_64-pc-linux-gnu/7.2.1/:/usr/lib/gcc/x86_64-pc-linux-gnu/
LIBRARY_PATH=/usr/lib/gcc/x86_64-pc-linux-gnu/7.2.1/:/usr/lib/gcc/x86_64-pc-linux-gnu/7.2.1/../../../../lib/:/lib/../lib/:/usr/lib/../lib/:/usr/lib/gcc/x86_64-pc-linux-gnu/7.2.1/../../../:/lib/:/usr/lib/
COLLECT_GCC_OPTIONS='-v' '-rdynamic' '-o' 'cmTC_dd9cf' '-mtune=generic' '-march=x86-64'
 /usr/lib/gcc/x86_64-pc-linux-gnu/7.2.1/collect2 -plugin /usr/lib/gcc/x86_64-pc-linux-gnu/7.2.1/liblto_plugin.so -plugin-opt=/usr/lib/gcc/x86_64-pc-linux-gnu/7.2.1/lto-wrapper -plugin-opt=-fresolution=/tmp/cceYfxN0.res -plugin-opt=-pass-through=-lgcc -plugin-opt=-pass-through=-lgcc_s -plugin-opt=-pass-through=-lc -plugin-opt=-pass-through=-lgcc -plugin-opt=-pass-through=-lgcc_s --build-id --eh-frame-hdr --hash-style=gnu -m elf_x86_64 -export-dynamic -dynamic-linker /lib64/ld-linux-x86-64.so.2 -pie -o cmTC_dd9cf /usr/lib/gcc/x86_64-pc-linux-gnu/7.2.1/../../../../lib/Scrt1.o /usr/lib/gcc/x86_64-pc-linux-gnu/7.2.1/../../../../lib/crti.o /usr/lib/gcc/x86_64-pc-linux-gnu/7.2.1/crtbeginS.o -L/usr/lib/gcc/x86_64-pc-linux-gnu/7.2.1 -L/usr/lib/gcc/x86_64-pc-linux-gnu/7.2.1/../../../../lib -L/lib/../lib -L/usr/lib/../lib -L/usr/lib/gcc/x86_64-pc-linux-gnu/7.2.1/../../.. CMakeFiles/cmTC_dd9cf.dir/CMakeCCompilerABI.c.o -lgcc --as-needed -lgcc_s --no-as-needed -lc -lgcc --as-needed -lgcc_s --no-as-needed /usr/lib/gcc/x86_64-pc-linux-gnu/7.2.1/crtendS.o /usr/lib/gcc/x86_64-pc-linux-gnu/7.2.1/../../../../lib/crtn.o
COLLECT_GCC_OPTIONS='-v' '-rdynamic' '-o' 'cmTC_dd9cf' '-mtune=generic' '-march=x86-64'
make[1]: Leaving directory '/home/edward/myogre/SinbadDemo2/bin/Release/CMakeFiles/CMakeTmp'


Parsed C implicit link information from above output:
  link line regex: [^( *|.*[/\])(ld|CMAKE_LINK_STARTFILE-NOTFOUND|([^/\]+-)?ld|collect2)[^/\]*( |$)]
  ignore line: [Change Dir: /home/edward/myogre/SinbadDemo2/bin/Release/CMakeFiles/CMakeTmp]
  ignore line: []
  ignore line: [Run Build Command:"/usr/bin/make" "cmTC_dd9cf/fast"]
  ignore line: [/usr/bin/make -f CMakeFiles/cmTC_dd9cf.dir/build.make CMakeFiles/cmTC_dd9cf.dir/build]
  ignore line: [make[1]: Entering directory '/home/edward/myogre/SinbadDemo2/bin/Release/CMakeFiles/CMakeTmp']
  ignore line: [Building C object CMakeFiles/cmTC_dd9cf.dir/CMakeCCompilerABI.c.o]
  ignore line: [/usr/bin/gcc    -o CMakeFiles/cmTC_dd9cf.dir/CMakeCCompilerABI.c.o   -c /usr/share/cmake-3.10/Modules/CMakeCCompilerABI.c]
  ignore line: [Linking C executable cmTC_dd9cf]
  ignore line: [/usr/bin/cmake -E cmake_link_script CMakeFiles/cmTC_dd9cf.dir/link.txt --verbose=1]
  ignore line: [/usr/bin/gcc     -v -rdynamic CMakeFiles/cmTC_dd9cf.dir/CMakeCCompilerABI.c.o  -o cmTC_dd9cf ]
  ignore line: [Using built-in specs.]
  ignore line: [COLLECT_GCC=/usr/bin/gcc]
  ignore line: [COLLECT_LTO_WRAPPER=/usr/lib/gcc/x86_64-pc-linux-gnu/7.2.1/lto-wrapper]
  ignore line: [Target: x86_64-pc-linux-gnu]
  ignore line: [Configured with: /build/gcc/src/gcc/configure --prefix=/usr --libdir=/usr/lib --libexecdir=/usr/lib --mandir=/usr/share/man --infodir=/usr/share/info --with-bugurl=https://bugs.archlinux.org/ --enable-languages=c,c++,ada,fortran,go,lto,objc,obj-c++ --enable-shared --enable-threads=posix --enable-libmpx --with-system-zlib --with-isl --enable-__cxa_atexit --disable-libunwind-exceptions --enable-clocale=gnu --disable-libstdcxx-pch --disable-libssp --enable-gnu-unique-object --enable-linker-build-id --enable-lto --enable-plugin --enable-install-libiberty --with-linker-hash-style=gnu --enable-gnu-indirect-function --enable-multilib --disable-werror --enable-checking=release --enable-default-pie --enable-default-ssp]
  ignore line: [Thread model: posix]
  ignore line: [gcc version 7.2.1 20171128 (GCC) ]
  ignore line: [COMPILER_PATH=/usr/lib/gcc/x86_64-pc-linux-gnu/7.2.1/:/usr/lib/gcc/x86_64-pc-linux-gnu/7.2.1/:/usr/lib/gcc/x86_64-pc-linux-gnu/:/usr/lib/gcc/x86_64-pc-linux-gnu/7.2.1/:/usr/lib/gcc/x86_64-pc-linux-gnu/]
  ignore line: [LIBRARY_PATH=/usr/lib/gcc/x86_64-pc-linux-gnu/7.2.1/:/usr/lib/gcc/x86_64-pc-linux-gnu/7.2.1/../../../../lib/:/lib/../lib/:/usr/lib/../lib/:/usr/lib/gcc/x86_64-pc-linux-gnu/7.2.1/../../../:/lib/:/usr/lib/]
  ignore line: [COLLECT_GCC_OPTIONS='-v' '-rdynamic' '-o' 'cmTC_dd9cf' '-mtune=generic' '-march=x86-64']
  link line: [ /usr/lib/gcc/x86_64-pc-linux-gnu/7.2.1/collect2 -plugin /usr/lib/gcc/x86_64-pc-linux-gnu/7.2.1/liblto_plugin.so -plugin-opt=/usr/lib/gcc/x86_64-pc-linux-gnu/7.2.1/lto-wrapper -plugin-opt=-fresolution=/tmp/cceYfxN0.res -plugin-opt=-pass-through=-lgcc -plugin-opt=-pass-through=-lgcc_s -plugin-opt=-pass-through=-lc -plugin-opt=-pass-through=-lgcc -plugin-opt=-pass-through=-lgcc_s --build-id --eh-frame-hdr --hash-style=gnu -m elf_x86_64 -export-dynamic -dynamic-linker /lib64/ld-linux-x86-64.so.2 -pie -o cmTC_dd9cf /usr/lib/gcc/x86_64-pc-linux-gnu/7.2.1/../../../../lib/Scrt1.o /usr/lib/gcc/x86_64-pc-linux-gnu/7.2.1/../../../../lib/crti.o /usr/lib/gcc/x86_64-pc-linux-gnu/7.2.1/crtbeginS.o -L/usr/lib/gcc/x86_64-pc-linux-gnu/7.2.1 -L/usr/lib/gcc/x86_64-pc-linux-gnu/7.2.1/../../../../lib -L/lib/../lib -L/usr/lib/../lib -L/usr/lib/gcc/x86_64-pc-linux-gnu/7.2.1/../../.. CMakeFiles/cmTC_dd9cf.dir/CMakeCCompilerABI.c.o -lgcc --as-needed -lgcc_s --no-as-needed -lc -lgcc --as-needed -lgcc_s --no-as-needed /usr/lib/gcc/x86_64-pc-linux-gnu/7.2.1/crtendS.o /usr/lib/gcc/x86_64-pc-linux-gnu/7.2.1/../../../../lib/crtn.o]
    arg [/usr/lib/gcc/x86_64-pc-linux-gnu/7.2.1/collect2] ==> ignore
    arg [-plugin] ==> ignore
    arg [/usr/lib/gcc/x86_64-pc-linux-gnu/7.2.1/liblto_plugin.so] ==> ignore
    arg [-plugin-opt=/usr/lib/gcc/x86_64-pc-linux-gnu/7.2.1/lto-wrapper] ==> ignore
    arg [-plugin-opt=-fresolution=/tmp/cceYfxN0.res] ==> ignore
    arg [-plugin-opt=-pass-through=-lgcc] ==> ignore
    arg [-plugin-opt=-pass-through=-lgcc_s] ==> ignore
    arg [-plugin-opt=-pass-through=-lc] ==> ignore
    arg [-plugin-opt=-pass-through=-lgcc] ==> ignore
    arg [-plugin-opt=-pass-through=-lgcc_s] ==> ignore
    arg [--build-id] ==> ignore
    arg [--eh-frame-hdr] ==> ignore
    arg [--hash-style=gnu] ==> ignore
    arg [-m] ==> ignore
    arg [elf_x86_64] ==> ignore
    arg [-export-dynamic] ==> ignore
    arg [-dynamic-linker] ==> ignore
    arg [/lib64/ld-linux-x86-64.so.2] ==> ignore
    arg [-pie] ==> ignore
    arg [-o] ==> ignore
    arg [cmTC_dd9cf] ==> ignore
    arg [/usr/lib/gcc/x86_64-pc-linux-gnu/7.2.1/../../../../lib/Scrt1.o] ==> ignore
    arg [/usr/lib/gcc/x86_64-pc-linux-gnu/7.2.1/../../../../lib/crti.o] ==> ignore
    arg [/usr/lib/gcc/x86_64-pc-linux-gnu/7.2.1/crtbeginS.o] ==> ignore
    arg [-L/usr/lib/gcc/x86_64-pc-linux-gnu/7.2.1] ==> dir [/usr/lib/gcc/x86_64-pc-linux-gnu/7.2.1]
    arg [-L/usr/lib/gcc/x86_64-pc-linux-gnu/7.2.1/../../../../lib] ==> dir [/usr/lib/gcc/x86_64-pc-linux-gnu/7.2.1/../../../../lib]
    arg [-L/lib/../lib] ==> dir [/lib/../lib]
    arg [-L/usr/lib/../lib] ==> dir [/usr/lib/../lib]
    arg [-L/usr/lib/gcc/x86_64-pc-linux-gnu/7.2.1/../../..] ==> dir [/usr/lib/gcc/x86_64-pc-linux-gnu/7.2.1/../../..]
    arg [CMakeFiles/cmTC_dd9cf.dir/CMakeCCompilerABI.c.o] ==> ignore
    arg [-lgcc] ==> lib [gcc]
    arg [--as-needed] ==> ignore
    arg [-lgcc_s] ==> lib [gcc_s]
    arg [--no-as-needed] ==> ignore
    arg [-lc] ==> lib [c]
    arg [-lgcc] ==> lib [gcc]
    arg [--as-needed] ==> ignore
    arg [-lgcc_s] ==> lib [gcc_s]
    arg [--no-as-needed] ==> ignore
    arg [/usr/lib/gcc/x86_64-pc-linux-gnu/7.2.1/crtendS.o] ==> ignore
    arg [/usr/lib/gcc/x86_64-pc-linux-gnu/7.2.1/../../../../lib/crtn.o] ==> ignore
  collapse library dir [/usr/lib/gcc/x86_64-pc-linux-gnu/7.2.1] ==> [/usr/lib/gcc/x86_64-pc-linux-gnu/7.2.1]
  collapse library dir [/usr/lib/gcc/x86_64-pc-linux-gnu/7.2.1/../../../../lib] ==> [/usr/lib]
  collapse library dir [/lib/../lib] ==> [/lib]
  collapse library dir [/usr/lib/../lib] ==> [/usr/lib]
  collapse library dir [/usr/lib/gcc/x86_64-pc-linux-gnu/7.2.1/../../..] ==> [/usr/lib]
  implicit libs: [gcc;gcc_s;c;gcc;gcc_s]
  implicit dirs: [/usr/lib/gcc/x86_64-pc-linux-gnu/7.2.1;/usr/lib;/lib]
  implicit fwks: []




Detecting C [-std=c11] compiler features compiled with the following output:
Change Dir: /home/edward/myogre/SinbadDemo2/bin/Release/CMakeFiles/CMakeTmp

Run Build Command:"/usr/bin/make" "cmTC_f1f48/fast"
/usr/bin/make -f CMakeFiles/cmTC_f1f48.dir/build.make CMakeFiles/cmTC_f1f48.dir/build
make[1]: Entering directory '/home/edward/myogre/SinbadDemo2/bin/Release/CMakeFiles/CMakeTmp'
Building C object CMakeFiles/cmTC_f1f48.dir/feature_tests.c.o
/usr/bin/gcc   -std=c11 -o CMakeFiles/cmTC_f1f48.dir/feature_tests.c.o   -c /home/edward/myogre/SinbadDemo2/bin/Release/CMakeFiles/feature_tests.c
Linking C executable cmTC_f1f48
/usr/bin/cmake -E cmake_link_script CMakeFiles/cmTC_f1f48.dir/link.txt --verbose=1
/usr/bin/gcc      -rdynamic CMakeFiles/cmTC_f1f48.dir/feature_tests.c.o  -o cmTC_f1f48 
make[1]: Leaving directory '/home/edward/myogre/SinbadDemo2/bin/Release/CMakeFiles/CMakeTmp'


    Feature record: C_FEATURE:1c_function_prototypes
    Feature record: C_FEATURE:1c_restrict
    Feature record: C_FEATURE:1c_static_assert
    Feature record: C_FEATURE:1c_variadic_macros


Detecting C [-std=c99] compiler features compiled with the following output:
Change Dir: /home/edward/myogre/SinbadDemo2/bin/Release/CMakeFiles/CMakeTmp

Run Build Command:"/usr/bin/make" "cmTC_2081a/fast"
/usr/bin/make -f CMakeFiles/cmTC_2081a.dir/build.make CMakeFiles/cmTC_2081a.dir/build
make[1]: Entering directory '/home/edward/myogre/SinbadDemo2/bin/Release/CMakeFiles/CMakeTmp'
Building C object CMakeFiles/cmTC_2081a.dir/feature_tests.c.o
/usr/bin/gcc   -std=c99 -o CMakeFiles/cmTC_2081a.dir/feature_tests.c.o   -c /home/edward/myogre/SinbadDemo2/bin/Release/CMakeFiles/feature_tests.c
Linking C executable cmTC_2081a
/usr/bin/cmake -E cmake_link_script CMakeFiles/cmTC_2081a.dir/link.txt --verbose=1
/usr/bin/gcc      -rdynamic CMakeFiles/cmTC_2081a.dir/feature_tests.c.o  -o cmTC_2081a 
make[1]: Leaving directory '/home/edward/myogre/SinbadDemo2/bin/Release/CMakeFiles/CMakeTmp'


    Feature record: C_FEATURE:1c_function_prototypes
    Feature record: C_FEATURE:1c_restrict
    Feature record: C_FEATURE:0c_static_assert
    Feature record: C_FEATURE:1c_variadic_macros


Detecting C [-std=c90] compiler features compiled with the following output:
Change Dir: /home/edward/myogre/SinbadDemo2/bin/Release/CMakeFiles/CMakeTmp

Run Build Command:"/usr/bin/make" "cmTC_e4dc5/fast"
/usr/bin/make -f CMakeFiles/cmTC_e4dc5.dir/build.make CMakeFiles/cmTC_e4dc5.dir/build
make[1]: Entering directory '/home/edward/myogre/SinbadDemo2/bin/Release/CMakeFiles/CMakeTmp'
Building C object CMakeFiles/cmTC_e4dc5.dir/feature_tests.c.o
/usr/bin/gcc   -std=c90 -o CMakeFiles/cmTC_e4dc5.dir/feature_tests.c.o   -c /home/edward/myogre/SinbadDemo2/bin/Release/CMakeFiles/feature_tests.c
Linking C executable cmTC_e4dc5
/usr/bin/cmake -E cmake_link_script CMakeFiles/cmTC_e4dc5.dir/link.txt --verbose=1
/usr/bin/gcc      -rdynamic CMakeFiles/cmTC_e4dc5.dir/feature_tests.c.o  -o cmTC_e4dc5 
make[1]: Leaving directory '/home/edward/myogre/SinbadDemo2/bin/Release/CMakeFiles/CMakeTmp'


    Feature record: C_FEATURE:1c_function_prototypes
    Feature record: C_FEATURE:0c_restrict
    Feature record: C_FEATURE:0c_static_assert
    Feature record: C_FEATURE:0c_variadic_macros
Determining if the CXX compiler works passed with the following output:
Change Dir: /home/edward/myogre/SinbadDemo2/bin/Release/CMakeFiles/CMakeTmp

Run Build Command:"/usr/bin/make" "cmTC_e3ff0/fast"
/usr/bin/make -f CMakeFiles/cmTC_e3ff0.dir/build.make CMakeFiles/cmTC_e3ff0.dir/build
make[1]: Entering directory '/home/edward/myogre/SinbadDemo2/bin/Release/CMakeFiles/CMakeTmp'
Building CXX object CMakeFiles/cmTC_e3ff0.dir/testCXXCompiler.cxx.o
/usr/bin/g++     -o CMakeFiles/cmTC_e3ff0.dir/testCXXCompiler.cxx.o -c /home/edward/myogre/SinbadDemo2/bin/Release/CMakeFiles/CMakeTmp/testCXXCompiler.cxx
Linking CXX executable cmTC_e3ff0
/usr/bin/cmake -E cmake_link_script CMakeFiles/cmTC_e3ff0.dir/link.txt --verbose=1
/usr/bin/g++       -rdynamic CMakeFiles/cmTC_e3ff0.dir/testCXXCompiler.cxx.o  -o cmTC_e3ff0 
make[1]: Leaving directory '/home/edward/myogre/SinbadDemo2/bin/Release/CMakeFiles/CMakeTmp'


Detecting CXX compiler ABI info compiled with the following output:
Change Dir: /home/edward/myogre/SinbadDemo2/bin/Release/CMakeFiles/CMakeTmp

Run Build Command:"/usr/bin/make" "cmTC_24636/fast"
/usr/bin/make -f CMakeFiles/cmTC_24636.dir/build.make CMakeFiles/cmTC_24636.dir/build
make[1]: Entering directory '/home/edward/myogre/SinbadDemo2/bin/Release/CMakeFiles/CMakeTmp'
Building CXX object CMakeFiles/cmTC_24636.dir/CMakeCXXCompilerABI.cpp.o
/usr/bin/g++     -o CMakeFiles/cmTC_24636.dir/CMakeCXXCompilerABI.cpp.o -c /usr/share/cmake-3.10/Modules/CMakeCXXCompilerABI.cpp
Linking CXX executable cmTC_24636
/usr/bin/cmake -E cmake_link_script CMakeFiles/cmTC_24636.dir/link.txt --verbose=1
/usr/bin/g++      -v -rdynamic CMakeFiles/cmTC_24636.dir/CMakeCXXCompilerABI.cpp.o  -o cmTC_24636 
Using built-in specs.
COLLECT_GCC=/usr/bin/g++
COLLECT_LTO_WRAPPER=/usr/lib/gcc/x86_64-pc-linux-gnu/7.2.1/lto-wrapper
Target: x86_64-pc-linux-gnu
Configured with: /build/gcc/src/gcc/configure --prefix=/usr --libdir=/usr/lib --libexecdir=/usr/lib --mandir=/usr/share/man --infodir=/usr/share/info --with-bugurl=https://bugs.archlinux.org/ --enable-languages=c,c++,ada,fortran,go,lto,objc,obj-c++ --enable-shared --enable-threads=posix --enable-libmpx --with-system-zlib --with-isl --enable-__cxa_atexit --disable-libunwind-exceptions --enable-clocale=gnu --disable-libstdcxx-pch --disable-libssp --enable-gnu-unique-object --enable-linker-build-id --enable-lto --enable-plugin --enable-install-libiberty --with-linker-hash-style=gnu --enable-gnu-indirect-function --enable-multilib --disable-werror --enable-checking=release --enable-default-pie --enable-default-ssp
Thread model: posix
gcc version 7.2.1 20171128 (GCC) 
COMPILER_PATH=/usr/lib/gcc/x86_64-pc-linux-gnu/7.2.1/:/usr/lib/gcc/x86_64-pc-linux-gnu/7.2.1/:/usr/lib/gcc/x86_64-pc-linux-gnu/:/usr/lib/gcc/x86_64-pc-linux-gnu/7.2.1/:/usr/lib/gcc/x86_64-pc-linux-gnu/
LIBRARY_PATH=/usr/lib/gcc/x86_64-pc-linux-gnu/7.2.1/:/usr/lib/gcc/x86_64-pc-linux-gnu/7.2.1/../../../../lib/:/lib/../lib/:/usr/lib/../lib/:/usr/lib/gcc/x86_64-pc-linux-gnu/7.2.1/../../../:/lib/:/usr/lib/
COLLECT_GCC_OPTIONS='-v' '-rdynamic' '-o' 'cmTC_24636' '-shared-libgcc' '-mtune=generic' '-march=x86-64'
 /usr/lib/gcc/x86_64-pc-linux-gnu/7.2.1/collect2 -plugin /usr/lib/gcc/x86_64-pc-linux-gnu/7.2.1/liblto_plugin.so -plugin-opt=/usr/lib/gcc/x86_64-pc-linux-gnu/7.2.1/lto-wrapper -plugin-opt=-fresolution=/tmp/ccKp0uOM.res -plugin-opt=-pass-through=-lgcc_s -plugin-opt=-pass-through=-lgcc -plugin-opt=-pass-through=-lc -plugin-opt=-pass-through=-lgcc_s -plugin-opt=-pass-through=-lgcc --build-id --eh-frame-hdr --hash-style=gnu -m elf_x86_64 -export-dynamic -dynamic-linker /lib64/ld-linux-x86-64.so.2 -pie -o cmTC_24636 /usr/lib/gcc/x86_64-pc-linux-gnu/7.2.1/../../../../lib/Scrt1.o /usr/lib/gcc/x86_64-pc-linux-gnu/7.2.1/../../../../lib/crti.o /usr/lib/gcc/x86_64-pc-linux-gnu/7.2.1/crtbeginS.o -L/usr/lib/gcc/x86_64-pc-linux-gnu/7.2.1 -L/usr/lib/gcc/x86_64-pc-linux-gnu/7.2.1/../../../../lib -L/lib/../lib -L/usr/lib/../lib -L/usr/lib/gcc/x86_64-pc-linux-gnu/7.2.1/../../.. CMakeFiles/cmTC_24636.dir/CMakeCXXCompilerABI.cpp.o -lstdc++ -lm -lgcc_s -lgcc -lc -lgcc_s -lgcc /usr/lib/gcc/x86_64-pc-linux-gnu/7.2.1/crtendS.o /usr/lib/gcc/x86_64-pc-linux-gnu/7.2.1/../../../../lib/crtn.o
COLLECT_GCC_OPTIONS='-v' '-rdynamic' '-o' 'cmTC_24636' '-shared-libgcc' '-mtune=generic' '-march=x86-64'
make[1]: Leaving directory '/home/edward/myogre/SinbadDemo2/bin/Release/CMakeFiles/CMakeTmp'


Parsed CXX implicit link information from above output:
  link line regex: [^( *|.*[/\])(ld|CMAKE_LINK_STARTFILE-NOTFOUND|([^/\]+-)?ld|collect2)[^/\]*( |$)]
  ignore line: [Change Dir: /home/edward/myogre/SinbadDemo2/bin/Release/CMakeFiles/CMakeTmp]
  ignore line: []
  ignore line: [Run Build Command:"/usr/bin/make" "cmTC_24636/fast"]
  ignore line: [/usr/bin/make -f CMakeFiles/cmTC_24636.dir/build.make CMakeFiles/cmTC_24636.dir/build]
  ignore line: [make[1]: Entering directory '/home/edward/myogre/SinbadDemo2/bin/Release/CMakeFiles/CMakeTmp']
  ignore line: [Building CXX object CMakeFiles/cmTC_24636.dir/CMakeCXXCompilerABI.cpp.o]
  ignore line: [/usr/bin/g++     -o CMakeFiles/cmTC_24636.dir/CMakeCXXCompilerABI.cpp.o -c /usr/share/cmake-3.10/Modules/CMakeCXXCompilerABI.cpp]
  ignore line: [Linking CXX executable cmTC_24636]
  ignore line: [/usr/bin/cmake -E cmake_link_script CMakeFiles/cmTC_24636.dir/link.txt --verbose=1]
  ignore line: [/usr/bin/g++      -v -rdynamic CMakeFiles/cmTC_24636.dir/CMakeCXXCompilerABI.cpp.o  -o cmTC_24636 ]
  ignore line: [Using built-in specs.]
  ignore line: [COLLECT_GCC=/usr/bin/g++]
  ignore line: [COLLECT_LTO_WRAPPER=/usr/lib/gcc/x86_64-pc-linux-gnu/7.2.1/lto-wrapper]
  ignore line: [Target: x86_64-pc-linux-gnu]
  ignore line: [Configured with: /build/gcc/src/gcc/configure --prefix=/usr --libdir=/usr/lib --libexecdir=/usr/lib --mandir=/usr/share/man --infodir=/usr/share/info --with-bugurl=https://bugs.archlinux.org/ --enable-languages=c,c++,ada,fortran,go,lto,objc,obj-c++ --enable-shared --enable-threads=posix --enable-libmpx --with-system-zlib --with-isl --enable-__cxa_atexit --disable-libunwind-exceptions --enable-clocale=gnu --disable-libstdcxx-pch --disable-libssp --enable-gnu-unique-object --enable-linker-build-id --enable-lto --enable-plugin --enable-install-libiberty --with-linker-hash-style=gnu --enable-gnu-indirect-function --enable-multilib --disable-werror --enable-checking=release --enable-default-pie --enable-default-ssp]
  ignore line: [Thread model: posix]
  ignore line: [gcc version 7.2.1 20171128 (GCC) ]
  ignore line: [COMPILER_PATH=/usr/lib/gcc/x86_64-pc-linux-gnu/7.2.1/:/usr/lib/gcc/x86_64-pc-linux-gnu/7.2.1/:/usr/lib/gcc/x86_64-pc-linux-gnu/:/usr/lib/gcc/x86_64-pc-linux-gnu/7.2.1/:/usr/lib/gcc/x86_64-pc-linux-gnu/]
  ignore line: [LIBRARY_PATH=/usr/lib/gcc/x86_64-pc-linux-gnu/7.2.1/:/usr/lib/gcc/x86_64-pc-linux-gnu/7.2.1/../../../../lib/:/lib/../lib/:/usr/lib/../lib/:/usr/lib/gcc/x86_64-pc-linux-gnu/7.2.1/../../../:/lib/:/usr/lib/]
  ignore line: [COLLECT_GCC_OPTIONS='-v' '-rdynamic' '-o' 'cmTC_24636' '-shared-libgcc' '-mtune=generic' '-march=x86-64']
  link line: [ /usr/lib/gcc/x86_64-pc-linux-gnu/7.2.1/collect2 -plugin /usr/lib/gcc/x86_64-pc-linux-gnu/7.2.1/liblto_plugin.so -plugin-opt=/usr/lib/gcc/x86_64-pc-linux-gnu/7.2.1/lto-wrapper -plugin-opt=-fresolution=/tmp/ccKp0uOM.res -plugin-opt=-pass-through=-lgcc_s -plugin-opt=-pass-through=-lgcc -plugin-opt=-pass-through=-lc -plugin-opt=-pass-through=-lgcc_s -plugin-opt=-pass-through=-lgcc --build-id --eh-frame-hdr --hash-style=gnu -m elf_x86_64 -export-dynamic -dynamic-linker /lib64/ld-linux-x86-64.so.2 -pie -o cmTC_24636 /usr/lib/gcc/x86_64-pc-linux-gnu/7.2.1/../../../../lib/Scrt1.o /usr/lib/gcc/x86_64-pc-linux-gnu/7.2.1/../../../../lib/crti.o /usr/lib/gcc/x86_64-pc-linux-gnu/7.2.1/crtbeginS.o -L/usr/lib/gcc/x86_64-pc-linux-gnu/7.2.1 -L/usr/lib/gcc/x86_64-pc-linux-gnu/7.2.1/../../../../lib -L/lib/../lib -L/usr/lib/../lib -L/usr/lib/gcc/x86_64-pc-linux-gnu/7.2.1/../../.. CMakeFiles/cmTC_24636.dir/CMakeCXXCompilerABI.cpp.o -lstdc++ -lm -lgcc_s -lgcc -lc -lgcc_s -lgcc /usr/lib/gcc/x86_64-pc-linux-gnu/7.2.1/crtendS.o /usr/lib/gcc/x86_64-pc-linux-gnu/7.2.1/../../../../lib/crtn.o]
    arg [/usr/lib/gcc/x86_64-pc-linux-gnu/7.2.1/collect2] ==> ignore
    arg [-plugin] ==> ignore
    arg [/usr/lib/gcc/x86_64-pc-linux-gnu/7.2.1/liblto_plugin.so] ==> ignore
    arg [-plugin-opt=/usr/lib/gcc/x86_64-pc-linux-gnu/7.2.1/lto-wrapper] ==> ignore
    arg [-plugin-opt=-fresolution=/tmp/ccKp0uOM.res] ==> ignore
    arg [-plugin-opt=-pass-through=-lgcc_s] ==> ignore
    arg [-plugin-opt=-pass-through=-lgcc] ==> ignore
    arg [-plugin-opt=-pass-through=-lc] ==> ignore
    arg [-plugin-opt=-pass-through=-lgcc_s] ==> ignore
    arg [-plugin-opt=-pass-through=-lgcc] ==> ignore
    arg [--build-id] ==> ignore
    arg [--eh-frame-hdr] ==> ignore
    arg [--hash-style=gnu] ==> ignore
    arg [-m] ==> ignore
    arg [elf_x86_64] ==> ignore
    arg [-export-dynamic] ==> ignore
    arg [-dynamic-linker] ==> ignore
    arg [/lib64/ld-linux-x86-64.so.2] ==> ignore
    arg [-pie] ==> ignore
    arg [-o] ==> ignore
    arg [cmTC_24636] ==> ignore
    arg [/usr/lib/gcc/x86_64-pc-linux-gnu/7.2.1/../../../../lib/Scrt1.o] ==> ignore
    arg [/usr/lib/gcc/x86_64-pc-linux-gnu/7.2.1/../../../../lib/crti.o] ==> ignore
    arg [/usr/lib/gcc/x86_64-pc-linux-gnu/7.2.1/crtbeginS.o] ==> ignore
    arg [-L/usr/lib/gcc/x86_64-pc-linux-gnu/7.2.1] ==> dir [/usr/lib/gcc/x86_64-pc-linux-gnu/7.2.1]
    arg [-L/usr/lib/gcc/x86_64-pc-linux-gnu/7.2.1/../../../../lib] ==> dir [/usr/lib/gcc/x86_64-pc-linux-gnu/7.2.1/../../../../lib]
    arg [-L/lib/../lib] ==> dir [/lib/../lib]
    arg [-L/usr/lib/../lib] ==> dir [/usr/lib/../lib]
    arg [-L/usr/lib/gcc/x86_64-pc-linux-gnu/7.2.1/../../..] ==> dir [/usr/lib/gcc/x86_64-pc-linux-gnu/7.2.1/../../..]
    arg [CMakeFiles/cmTC_24636.dir/CMakeCXXCompilerABI.cpp.o] ==> ignore
    arg [-lstdc++] ==> lib [stdc++]
    arg [-lm] ==> lib [m]
    arg [-lgcc_s] ==> lib [gcc_s]
    arg [-lgcc] ==> lib [gcc]
    arg [-lc] ==> lib [c]
    arg [-lgcc_s] ==> lib [gcc_s]
    arg [-lgcc] ==> lib [gcc]
    arg [/usr/lib/gcc/x86_64-pc-linux-gnu/7.2.1/crtendS.o] ==> ignore
    arg [/usr/lib/gcc/x86_64-pc-linux-gnu/7.2.1/../../../../lib/crtn.o] ==> ignore
  collapse library dir [/usr/lib/gcc/x86_64-pc-linux-gnu/7.2.1] ==> [/usr/lib/gcc/x86_64-pc-linux-gnu/7.2.1]
  collapse library dir [/usr/lib/gcc/x86_64-pc-linux-gnu/7.2.1/../../../../lib] ==> [/usr/lib]
  collapse library dir [/lib/../lib] ==> [/lib]
  collapse library dir [/usr/lib/../lib] ==> [/usr/lib]
  collapse library dir [/usr/lib/gcc/x86_64-pc-linux-gnu/7.2.1/../../..] ==> [/usr/lib]
  implicit libs: [stdc++;m;gcc_s;gcc;c;gcc_s;gcc]
  implicit dirs: [/usr/lib/gcc/x86_64-pc-linux-gnu/7.2.1;/usr/lib;/lib]
  implicit fwks: []




Detecting CXX [-std=c++1z] compiler features compiled with the following output:
Change Dir: /home/edward/myogre/SinbadDemo2/bin/Release/CMakeFiles/CMakeTmp

Run Build Command:"/usr/bin/make" "cmTC_342fb/fast"
/usr/bin/make -f CMakeFiles/cmTC_342fb.dir/build.make CMakeFiles/cmTC_342fb.dir/build
make[1]: Entering directory '/home/edward/myogre/SinbadDemo2/bin/Release/CMakeFiles/CMakeTmp'
Building CXX object CMakeFiles/cmTC_342fb.dir/feature_tests.cxx.o
/usr/bin/g++    -std=c++1z -o CMakeFiles/cmTC_342fb.dir/feature_tests.cxx.o -c /home/edward/myogre/SinbadDemo2/bin/Release/CMakeFiles/feature_tests.cxx
Linking CXX executable cmTC_342fb
/usr/bin/cmake -E cmake_link_script CMakeFiles/cmTC_342fb.dir/link.txt --verbose=1
/usr/bin/g++       -rdynamic CMakeFiles/cmTC_342fb.dir/feature_tests.cxx.o  -o cmTC_342fb 
make[1]: Leaving directory '/home/edward/myogre/SinbadDemo2/bin/Release/CMakeFiles/CMakeTmp'


    Feature record: CXX_FEATURE:1cxx_aggregate_default_initializers
    Feature record: CXX_FEATURE:1cxx_alias_templates
    Feature record: CXX_FEATURE:1cxx_alignas
    Feature record: CXX_FEATURE:1cxx_alignof
    Feature record: CXX_FEATURE:1cxx_attributes
    Feature record: CXX_FEATURE:1cxx_attribute_deprecated
    Feature record: CXX_FEATURE:1cxx_auto_type
    Feature record: CXX_FEATURE:1cxx_binary_literals
    Feature record: CXX_FEATURE:1cxx_constexpr
    Feature record: CXX_FEATURE:1cxx_contextual_conversions
    Feature record: CXX_FEATURE:1cxx_decltype
    Feature record: CXX_FEATURE:1cxx_decltype_auto
    Feature record: CXX_FEATURE:1cxx_decltype_incomplete_return_types
    Feature record: CXX_FEATURE:1cxx_default_function_template_args
    Feature record: CXX_FEATURE:1cxx_defaulted_functions
    Feature record: CXX_FEATURE:1cxx_defaulted_move_initializers
    Feature record: CXX_FEATURE:1cxx_delegating_constructors
    Feature record: CXX_FEATURE:1cxx_deleted_functions
    Feature record: CXX_FEATURE:1cxx_digit_separators
    Feature record: CXX_FEATURE:1cxx_enum_forward_declarations
    Feature record: CXX_FEATURE:1cxx_explicit_conversions
    Feature record: CXX_FEATURE:1cxx_extended_friend_declarations
    Feature record: CXX_FEATURE:1cxx_extern_templates
    Feature record: CXX_FEATURE:1cxx_final
    Feature record: CXX_FEATURE:1cxx_func_identifier
    Feature record: CXX_FEATURE:1cxx_generalized_initializers
    Feature record: CXX_FEATURE:1cxx_generic_lambdas
    Feature record: CXX_FEATURE:1cxx_inheriting_constructors
    Feature record: CXX_FEATURE:1cxx_inline_namespaces
    Feature record: CXX_FEATURE:1cxx_lambdas
    Feature record: CXX_FEATURE:1cxx_lambda_init_captures
    Feature record: CXX_FEATURE:1cxx_local_type_template_args
    Feature record: CXX_FEATURE:1cxx_long_long_type
    Feature record: CXX_FEATURE:1cxx_noexcept
    Feature record: CXX_FEATURE:1cxx_nonstatic_member_init
    Feature record: CXX_FEATURE:1cxx_nullptr
    Feature record: CXX_FEATURE:1cxx_override
    Feature record: CXX_FEATURE:1cxx_range_for
    Feature record: CXX_FEATURE:1cxx_raw_string_literals
    Feature record: CXX_FEATURE:1cxx_reference_qualified_functions
    Feature record: CXX_FEATURE:1cxx_relaxed_constexpr
    Feature record: CXX_FEATURE:1cxx_return_type_deduction
    Feature record: CXX_FEATURE:1cxx_right_angle_brackets
    Feature record: CXX_FEATURE:1cxx_rvalue_references
    Feature record: CXX_FEATURE:1cxx_sizeof_member
    Feature record: CXX_FEATURE:1cxx_static_assert
    Feature record: CXX_FEATURE:1cxx_strong_enums
    Feature record: CXX_FEATURE:1cxx_template_template_parameters
    Feature record: CXX_FEATURE:1cxx_thread_local
    Feature record: CXX_FEATURE:1cxx_trailing_return_types
    Feature record: CXX_FEATURE:1cxx_unicode_literals
    Feature record: CXX_FEATURE:1cxx_uniform_initialization
    Feature record: CXX_FEATURE:1cxx_unrestricted_unions
    Feature record: CXX_FEATURE:1cxx_user_literals
    Feature record: CXX_FEATURE:1cxx_variable_templates
    Feature record: CXX_FEATURE:1cxx_variadic_macros
    Feature record: CXX_FEATURE:1cxx_variadic_templates


Detecting CXX [-std=c++14] compiler features compiled with the following output:
Change Dir: /home/edward/myogre/SinbadDemo2/bin/Release/CMakeFiles/CMakeTmp

Run Build Command:"/usr/bin/make" "cmTC_39e22/fast"
/usr/bin/make -f CMakeFiles/cmTC_39e22.dir/build.make CMakeFiles/cmTC_39e22.dir/build
make[1]: Entering directory '/home/edward/myogre/SinbadDemo2/bin/Release/CMakeFiles/CMakeTmp'
Building CXX object CMakeFiles/cmTC_39e22.dir/feature_tests.cxx.o
/usr/bin/g++    -std=c++14 -o CMakeFiles/cmTC_39e22.dir/feature_tests.cxx.o -c /home/edward/myogre/SinbadDemo2/bin/Release/CMakeFiles/feature_tests.cxx
Linking CXX executable cmTC_39e22
/usr/bin/cmake -E cmake_link_script CMakeFiles/cmTC_39e22.dir/link.txt --verbose=1
/usr/bin/g++       -rdynamic CMakeFiles/cmTC_39e22.dir/feature_tests.cxx.o  -o cmTC_39e22 
make[1]: Leaving directory '/home/edward/myogre/SinbadDemo2/bin/Release/CMakeFiles/CMakeTmp'


    Feature record: CXX_FEATURE:1cxx_aggregate_default_initializers
    Feature record: CXX_FEATURE:1cxx_alias_templates
    Feature record: CXX_FEATURE:1cxx_alignas
    Feature record: CXX_FEATURE:1cxx_alignof
    Feature record: CXX_FEATURE:1cxx_attributes
    Feature record: CXX_FEATURE:1cxx_attribute_deprecated
    Feature record: CXX_FEATURE:1cxx_auto_type
    Feature record: CXX_FEATURE:1cxx_binary_literals
    Feature record: CXX_FEATURE:1cxx_constexpr
    Feature record: CXX_FEATURE:1cxx_contextual_conversions
    Feature record: CXX_FEATURE:1cxx_decltype
    Feature record: CXX_FEATURE:1cxx_decltype_auto
    Feature record: CXX_FEATURE:1cxx_decltype_incomplete_return_types
    Feature record: CXX_FEATURE:1cxx_default_function_template_args
    Feature record: CXX_FEATURE:1cxx_defaulted_functions
    Feature record: CXX_FEATURE:1cxx_defaulted_move_initializers
    Feature record: CXX_FEATURE:1cxx_delegating_constructors
    Feature record: CXX_FEATURE:1cxx_deleted_functions
    Feature record: CXX_FEATURE:1cxx_digit_separators
    Feature record: CXX_FEATURE:1cxx_enum_forward_declarations
    Feature record: CXX_FEATURE:1cxx_explicit_conversions
    Feature record: CXX_FEATURE:1cxx_extended_friend_declarations
    Feature record: CXX_FEATURE:1cxx_extern_templates
    Feature record: CXX_FEATURE:1cxx_final
    Feature record: CXX_FEATURE:1cxx_func_identifier
    Feature record: CXX_FEATURE:1cxx_generalized_initializers
    Feature record: CXX_FEATURE:1cxx_generic_lambdas
    Feature record: CXX_FEATURE:1cxx_inheriting_constructors
    Feature record: CXX_FEATURE:1cxx_inline_namespaces
    Feature record: CXX_FEATURE:1cxx_lambdas
    Feature record: CXX_FEATURE:1cxx_lambda_init_captures
    Feature record: CXX_FEATURE:1cxx_local_type_template_args
    Feature record: CXX_FEATURE:1cxx_long_long_type
    Feature record: CXX_FEATURE:1cxx_noexcept
    Feature record: CXX_FEATURE:1cxx_nonstatic_member_init
    Feature record: CXX_FEATURE:1cxx_nullptr
    Feature record: CXX_FEATURE:1cxx_override
    Feature record: CXX_FEATURE:1cxx_range_for
    Feature record: CXX_FEATURE:1cxx_raw_string_literals
    Feature record: CXX_FEATURE:1cxx_reference_qualified_functions
    Feature record: CXX_FEATURE:1cxx_relaxed_constexpr
    Feature record: CXX_FEATURE:1cxx_return_type_deduction
    Feature record: CXX_FEATURE:1cxx_right_angle_brackets
    Feature record: CXX_FEATURE:1cxx_rvalue_references
    Feature record: CXX_FEATURE:1cxx_sizeof_member
    Feature record: CXX_FEATURE:1cxx_static_assert
    Feature record: CXX_FEATURE:1cxx_strong_enums
    Feature record: CXX_FEATURE:1cxx_template_template_parameters
    Feature record: CXX_FEATURE:1cxx_thread_local
    Feature record: CXX_FEATURE:1cxx_trailing_return_types
    Feature record: CXX_FEATURE:1cxx_unicode_literals
    Feature record: CXX_FEATURE:1cxx_uniform_initialization
    Feature record: CXX_FEATURE:1cxx_unrestricted_unions
    Feature record: CXX_FEATURE:1cxx_user_literals
    Feature record: CXX_FEATURE:1cxx_variable_templates
    Feature record: CXX_FEATURE:1cxx_variadic_macros
    Feature record: CXX_FEATURE:1cxx_variadic_templates


Detecting CXX [-std=c++11] compiler features compiled with the following output:
Change Dir: /home/edward/myogre/SinbadDemo2/bin/Release/CMakeFiles/CMakeTmp

Run Build Command:"/usr/bin/make" "cmTC_8179a/fast"
/usr/bin/make -f CMakeFiles/cmTC_8179a.dir/build.make CMakeFiles/cmTC_8179a.dir/build
make[1]: Entering directory '/home/edward/myogre/SinbadDemo2/bin/Release/CMakeFiles/CMakeTmp'
Building CXX object CMakeFiles/cmTC_8179a.dir/feature_tests.cxx.o
/usr/bin/g++    -std=c++11 -o CMakeFiles/cmTC_8179a.dir/feature_tests.cxx.o -c /home/edward/myogre/SinbadDemo2/bin/Release/CMakeFiles/feature_tests.cxx
Linking CXX executable cmTC_8179a
/usr/bin/cmake -E cmake_link_script CMakeFiles/cmTC_8179a.dir/link.txt --verbose=1
/usr/bin/g++       -rdynamic CMakeFiles/cmTC_8179a.dir/feature_tests.cxx.o  -o cmTC_8179a 
make[1]: Leaving directory '/home/edward/myogre/SinbadDemo2/bin/Release/CMakeFiles/CMakeTmp'


    Feature record: CXX_FEATURE:0cxx_aggregate_default_initializers
    Feature record: CXX_FEATURE:1cxx_alias_templates
    Feature record: CXX_FEATURE:1cxx_alignas
    Feature record: CXX_FEATURE:1cxx_alignof
    Feature record: CXX_FEATURE:1cxx_attributes
    Feature record: CXX_FEATURE:0cxx_attribute_deprecated
    Feature record: CXX_FEATURE:1cxx_auto_type
    Feature record: CXX_FEATURE:0cxx_binary_literals
    Feature record: CXX_FEATURE:1cxx_constexpr
    Feature record: CXX_FEATURE:0cxx_contextual_conversions
    Feature record: CXX_FEATURE:1cxx_decltype
    Feature record: CXX_FEATURE:0cxx_decltype_auto
    Feature record: CXX_FEATURE:1cxx_decltype_incomplete_return_types
    Feature record: CXX_FEATURE:1cxx_default_function_template_args
    Feature record: CXX_FEATURE:1cxx_defaulted_functions
    Feature record: CXX_FEATURE:1cxx_defaulted_move_initializers
    Feature record: CXX_FEATURE:1cxx_delegating_constructors
    Feature record: CXX_FEATURE:1cxx_deleted_functions
    Feature record: CXX_FEATURE:0cxx_digit_separators
    Feature record: CXX_FEATURE:1cxx_enum_forward_declarations
    Feature record: CXX_FEATURE:1cxx_explicit_conversions
    Feature record: CXX_FEATURE:1cxx_extended_friend_declarations
    Feature record: CXX_FEATURE:1cxx_extern_templates
    Feature record: CXX_FEATURE:1cxx_final
    Feature record: CXX_FEATURE:1cxx_func_identifier
    Feature record: CXX_FEATURE:1cxx_generalized_initializers
    Feature record: CXX_FEATURE:0cxx_generic_lambdas
    Feature record: CXX_FEATURE:1cxx_inheriting_constructors
    Feature record: CXX_FEATURE:1cxx_inline_namespaces
    Feature record: CXX_FEATURE:1cxx_lambdas
    Feature record: CXX_FEATURE:0cxx_lambda_init_captures
    Feature record: CXX_FEATURE:1cxx_local_type_template_args
    Feature record: CXX_FEATURE:1cxx_long_long_type
    Feature record: CXX_FEATURE:1cxx_noexcept
    Feature record: CXX_FEATURE:1cxx_nonstatic_member_init
    Feature record: CXX_FEATURE:1cxx_nullptr
    Feature record: CXX_FEATURE:1cxx_override
    Feature record: CXX_FEATURE:1cxx_range_for
    Feature record: CXX_FEATURE:1cxx_raw_string_literals
    Feature record: CXX_FEATURE:1cxx_reference_qualified_functions
    Feature record: CXX_FEATURE:0cxx_relaxed_constexpr
    Feature record: CXX_FEATURE:0cxx_return_type_deduction
    Feature record: CXX_FEATURE:1cxx_right_angle_brackets
    Feature record: CXX_FEATURE:1cxx_rvalue_references
    Feature record: CXX_FEATURE:1cxx_sizeof_member
    Feature record: CXX_FEATURE:1cxx_static_assert
    Feature record: CXX_FEATURE:1cxx_strong_enums
    Feature record: CXX_FEATURE:1cxx_template_template_parameters
    Feature record: CXX_FEATURE:1cxx_thread_local
    Feature record: CXX_FEATURE:1cxx_trailing_return_types
    Feature record: CXX_FEATURE:1cxx_unicode_literals
    Feature record: CXX_FEATURE:1cxx_uniform_initialization
    Feature record: CXX_FEATURE:1cxx_unrestricted_unions
    Feature record: CXX_FEATURE:1cxx_user_literals
    Feature record: CXX_FEATURE:0cxx_variable_templates
    Feature record: CXX_FEATURE:1cxx_variadic_macros
    Feature record: CXX_FEATURE:1cxx_variadic_templates


Detecting CXX [-std=c++98] compiler features compiled with the following output:
Change Dir: /home/edward/myogre/SinbadDemo2/bin/Release/CMakeFiles/CMakeTmp

Run Build Command:"/usr/bin/make" "cmTC_92baf/fast"
/usr/bin/make -f CMakeFiles/cmTC_92baf.dir/build.make CMakeFiles/cmTC_92baf.dir/build
make[1]: Entering directory '/home/edward/myogre/SinbadDemo2/bin/Release/CMakeFiles/CMakeTmp'
Building CXX object CMakeFiles/cmTC_92baf.dir/feature_tests.cxx.o
/usr/bin/g++    -std=c++98 -o CMakeFiles/cmTC_92baf.dir/feature_tests.cxx.o -c /home/edward/myogre/SinbadDemo2/bin/Release/CMakeFiles/feature_tests.cxx
Linking CXX executable cmTC_92baf
/usr/bin/cmake -E cmake_link_script CMakeFiles/cmTC_92baf.dir/link.txt --verbose=1
/usr/bin/g++       -rdynamic CMakeFiles/cmTC_92baf.dir/feature_tests.cxx.o  -o cmTC_92baf 
make[1]: Leaving directory '/home/edward/myogre/SinbadDemo2/bin/Release/CMakeFiles/CMakeTmp'


    Feature record: CXX_FEATURE:0cxx_aggregate_default_initializers
    Feature record: CXX_FEATURE:0cxx_alias_templates
    Feature record: CXX_FEATURE:0cxx_alignas
    Feature record: CXX_FEATURE:0cxx_alignof
    Feature record: CXX_FEATURE:0cxx_attributes
    Feature record: CXX_FEATURE:0cxx_attribute_deprecated
    Feature record: CXX_FEATURE:0cxx_auto_type
    Feature record: CXX_FEATURE:0cxx_binary_literals
    Feature record: CXX_FEATURE:0cxx_constexpr
    Feature record: CXX_FEATURE:0cxx_contextual_conversions
    Feature record: CXX_FEATURE:0cxx_decltype
    Feature record: CXX_FEATURE:0cxx_decltype_auto
    Feature record: CXX_FEATURE:0cxx_decltype_incomplete_return_types
    Feature record: CXX_FEATURE:0cxx_default_function_template_args
    Feature record: CXX_FEATURE:0cxx_defaulted_functions
    Feature record: CXX_FEATURE:0cxx_defaulted_move_initializers
    Feature record: CXX_FEATURE:0cxx_delegating_constructors
    Feature record: CXX_FEATURE:0cxx_deleted_functions
    Feature record: CXX_FEATURE:0cxx_digit_separators
    Feature record: CXX_FEATURE:0cxx_enum_forward_declarations
    Feature record: CXX_FEATURE:0cxx_explicit_conversions
    Feature record: CXX_FEATURE:0cxx_extended_friend_declarations
    Feature record: CXX_FEATURE:0cxx_extern_templates
    Feature record: CXX_FEATURE:0cxx_final
    Feature record: CXX_FEATURE:0cxx_func_identifier
    Feature record: CXX_FEATURE:0cxx_generalized_initializers
    Feature record: CXX_FEATURE:0cxx_generic_lambdas
    Feature record: CXX_FEATURE:0cxx_inheriting_constructors
    Feature record: CXX_FEATURE:0cxx_inline_namespaces
    Feature record: CXX_FEATURE:0cxx_lambdas
    Feature record: CXX_FEATURE:0cxx_lambda_init_captures
    Feature record: CXX_FEATURE:0cxx_local_type_template_args
    Feature record: CXX_FEATURE:0cxx_long_long_type
    Feature record: CXX_FEATURE:0cxx_noexcept
    Feature record: CXX_FEATURE:0cxx_nonstatic_member_init
    Feature record: CXX_FEATURE:0cxx_nullptr
    Feature record: CXX_FEATURE:0cxx_override
    Feature record: CXX_FEATURE:0cxx_range_for
    Feature record: CXX_FEATURE:0cxx_raw_string_literals
    Feature record: CXX_FEATURE:0cxx_reference_qualified_functions
    Feature record: CXX_FEATURE:0cxx_relaxed_constexpr
    Feature record: CXX_FEATURE:0cxx_return_type_deduction
    Feature record: CXX_FEATURE:0cxx_right_angle_brackets
    Feature record: CXX_FEATURE:0cxx_rvalue_references
    Feature record: CXX_FEATURE:0cxx_sizeof_member
    Feature record: CXX_FEATURE:0cxx_static_assert
    Feature record: CXX_FEATURE:0cxx_strong_enums
    Feature record: CXX_FEATURE:1cxx_template_template_parameters
    Feature record: CXX_FEATURE:0cxx_thread_local
    Feature record: CXX_FEATURE:0cxx_trailing_return_types
    Feature record: CXX_FEATURE:0cxx_unicode_literals
    Feature record: CXX_FEATURE:0cxx_uniform_initialization
    Feature record: CXX_FEATURE:0cxx_unrestricted_unions
    Feature record: CXX_FEATURE:0cxx_user_literals
    Feature record: CXX_FEATURE:0cxx_variable_templates
    Feature record: CXX_FEATURE:0cxx_variadic_macros
    Feature record: CXX_FEATURE:0cxx_variadic_templates
Determining size of void* passed with the following output:
Change Dir: /home/edward/myogre/SinbadDemo2/bin/Release/CMakeFiles/CMakeTmp

Run Build Command:"/usr/bin/make" "cmTC_8000c/fast"
/usr/bin/make -f CMakeFiles/cmTC_8000c.dir/build.make CMakeFiles/cmTC_8000c.dir/build
make[1]: Entering directory '/home/edward/myogre/SinbadDemo2/bin/Release/CMakeFiles/CMakeTmp'
Building C object CMakeFiles/cmTC_8000c.dir/ARCH_PTR_SIZE.c.o
/usr/bin/gcc    -o CMakeFiles/cmTC_8000c.dir/ARCH_PTR_SIZE.c.o   -c /home/edward/myogre/SinbadDemo2/bin/Release/CMakeFiles/CheckTypeSize/ARCH_PTR_SIZE.c
Linking C executable cmTC_8000c
/usr/bin/cmake -E cmake_link_script CMakeFiles/cmTC_8000c.dir/link.txt --verbose=1
/usr/bin/gcc      -rdynamic CMakeFiles/cmTC_8000c.dir/ARCH_PTR_SIZE.c.o  -o cmTC_8000c 
make[1]: Leaving directory '/home/edward/myogre/SinbadDemo2/bin/Release/CMakeFiles/CMakeTmp'


Determining if the include file pthread.h exists passed with the following output:
Change Dir: /home/edward/myogre/SinbadDemo2/bin/Release/CMakeFiles/CMakeTmp

Run Build Command:"/usr/bin/make" "cmTC_e5ef9/fast"
/usr/bin/make -f CMakeFiles/cmTC_e5ef9.dir/build.make CMakeFiles/cmTC_e5ef9.dir/build
make[1]: Entering directory '/home/edward/myogre/SinbadDemo2/bin/Release/CMakeFiles/CMakeTmp'
Building C object CMakeFiles/cmTC_e5ef9.dir/CheckIncludeFile.c.o
/usr/bin/gcc    -o CMakeFiles/cmTC_e5ef9.dir/CheckIncludeFile.c.o   -c /home/edward/myogre/SinbadDemo2/bin/Release/CMakeFiles/CMakeTmp/CheckIncludeFile.c
Linking C executable cmTC_e5ef9
/usr/bin/cmake -E cmake_link_script CMakeFiles/cmTC_e5ef9.dir/link.txt --verbose=1
/usr/bin/gcc      -rdynamic CMakeFiles/cmTC_e5ef9.dir/CheckIncludeFile.c.o  -o cmTC_e5ef9 
make[1]: Leaving directory '/home/edward/myogre/SinbadDemo2/bin/Release/CMakeFiles/CMakeTmp'


Determining if the function pthread_create exists in the pthread passed with the following output:
Change Dir: /home/edward/myogre/SinbadDemo2/bin/Release/CMakeFiles/CMakeTmp

Run Build Command:"/usr/bin/make" "cmTC_cb87b/fast"
/usr/bin/make -f CMakeFiles/cmTC_cb87b.dir/build.make CMakeFiles/cmTC_cb87b.dir/build
make[1]: Entering directory '/home/edward/myogre/SinbadDemo2/bin/Release/CMakeFiles/CMakeTmp'
Building C object CMakeFiles/cmTC_cb87b.dir/CheckFunctionExists.c.o
/usr/bin/gcc   -DCHECK_FUNCTION_EXISTS=pthread_create   -o CMakeFiles/cmTC_cb87b.dir/CheckFunctionExists.c.o   -c /usr/share/cmake-3.10/Modules/CheckFunctionExists.c
Linking C executable cmTC_cb87b
/usr/bin/cmake -E cmake_link_script CMakeFiles/cmTC_cb87b.dir/link.txt --verbose=1
/usr/bin/gcc  -DCHECK_FUNCTION_EXISTS=pthread_create    -rdynamic CMakeFiles/cmTC_cb87b.dir/CheckFunctionExists.c.o  -o cmTC_cb87b -lpthread 
make[1]: Leaving directory '/home/edward/myogre/SinbadDemo2/bin/Release/CMakeFiles/CMakeTmp'


